Build started 3/19/2015 1:56:59 PM.
     1>Project "\\home\tristanolivermall212\Visual Studio 2010\Projects\missionariesandcannibals\missionariesandcannibals\missionariesandcannibals.vcxproj" on node 2 (build target(s)).
     1>InitializeBuildStatus:
         Creating "Debug\missionariesandcannibals.unsuccessfulbuild" because "AlwaysCreate" was specified.
       ClCompile:
         c:\Program Files (x86)\Microsoft Visual Studio 10.0\VC\bin\CL.exe /c /ZI /nologo /W3 /WX- /Od /Oy- /D _MBCS /Gm /EHsc /RTC1 /MDd /GS /fp:precise /Zc:wchar_t /Zc:forScope /Fo"Debug\\" /Fd"Debug\vc100.pdb" /Gd /TP /analyze- /errorReport:prompt missionaries.cpp
         missionaries.cpp
     1>\\home\tristanolivermall212\visual studio 2010\projects\missionariesandcannibals\missionariesandcannibals\missionaries.cpp(8): error C2059: syntax error : 'public'
     1>\\home\tristanolivermall212\visual studio 2010\projects\missionariesandcannibals\missionariesandcannibals\missionaries.cpp(8): error C2143: syntax error : missing ';' before '{'
     1>\\home\tristanolivermall212\visual studio 2010\projects\missionariesandcannibals\missionariesandcannibals\missionaries.cpp(8): error C2447: '{' : missing function header (old-style formal list?)
     1>Done Building Project "\\home\tristanolivermall212\Visual Studio 2010\Projects\missionariesandcannibals\missionariesandcannibals\missionariesandcannibals.vcxproj" (build target(s)) -- FAILED.

Build FAILED.

Time Elapsed 00:00:00.90
